-------------------------------------------------------------------------------
Test set: test.java.components.graph.algorithms.index.IndexDBGTest
-------------------------------------------------------------------------------
Tests run: 3, Failures: 0, Errors: 3, Skipped: 0, Time elapsed: 0 s <<< FAILURE! - in test.java.components.graph.algorithms.index.IndexDBGTest
testDbhAny(test.java.components.graph.algorithms.index.IndexDBGTest)  Time elapsed: 0 s  <<< ERROR!
org.json.JSONException: A JSONArray text must start with '[' at 1 [character 2 line 1]
	at test.java.components.graph.algorithms.index.IndexDBGTest.testDbhAny(IndexDBGTest.java:46)

testDbhAnyFull(test.java.components.graph.algorithms.index.IndexDBGTest)  Time elapsed: 0 s  <<< ERROR!
org.json.JSONException: A JSONArray text must start with '[' at 1 [character 2 line 1]
	at test.java.components.graph.algorithms.index.IndexDBGTest.testDbhAnyFull(IndexDBGTest.java:85)

testDBHIndexing(test.java.components.graph.algorithms.index.IndexDBGTest)  Time elapsed: 0 s  <<< ERROR!
org.json.JSONException: A JSONArray text must start with '[' at 1 [character 2 line 1]
	at test.java.components.graph.algorithms.index.IndexDBGTest.testDBHIndexing(IndexDBGTest.java:114)

