-------------------------------------------------------------------------------
Test set: test.java.components.hash.algorithms.Blake2bTest
-------------------------------------------------------------------------------
Tests run: 9, Failures: 0, Errors: 1, Skipped: 0, Time elapsed: 0 s <<< FAILURE! - in test.java.components.hash.algorithms.Blake2bTest
testAllVectors(test.java.components.hash.algorithms.Blake2bTest)  Time elapsed: 0 s  <<< ERROR!
org.json.JSONException: A JSONArray text must start with '[' at 1 [character 2 line 1]
	at test.java.components.hash.algorithms.Blake2bTest.jsonParser(Blake2bTest.java:239)
	at test.java.components.hash.algorithms.Blake2bTest.testAllVectors(Blake2bTest.java:134)

