-------------------------------------------------------------------------------
Test set: test.java.components.graph.algorithms.index.IndexBRGTest
-------------------------------------------------------------------------------
Tests run: 6, Failures: 0, Errors: 3, Skipped: 0, Time elapsed: 0 s <<< FAILURE! - in test.java.components.graph.algorithms.index.IndexBRGTest
testBRGAny(test.java.components.graph.algorithms.index.IndexBRGTest)  Time elapsed: 0 s  <<< ERROR!
org.json.JSONException: A JSONArray text must start with '[' at 1 [character 2 line 1]
	at test.java.components.graph.algorithms.index.IndexBRGTest.testBRGAny(IndexBRGTest.java:48)

testBRGAnyFull(test.java.components.graph.algorithms.index.IndexBRGTest)  Time elapsed: 0 s  <<< ERROR!
org.json.JSONException: A JSONArray text must start with '[' at 1 [character 2 line 1]
	at test.java.components.graph.algorithms.index.IndexBRGTest.testBRGAnyFull(IndexBRGTest.java:87)

testBRGIndex(test.java.components.graph.algorithms.index.IndexBRGTest)  Time elapsed: 0 s  <<< ERROR!
org.json.JSONException: A JSONArray text must start with '[' at 1 [character 2 line 1]
	at test.java.components.graph.algorithms.index.IndexBRGTest.testBRGIndex(IndexBRGTest.java:114)

