-------------------------------------------------------------------------------
Test set: test.java.components.graph.algorithms.index.IndexGRGTest
-------------------------------------------------------------------------------
Tests run: 5, Failures: 0, Errors: 3, Skipped: 0, Time elapsed: 0.001 s <<< FAILURE! - in test.java.components.graph.algorithms.index.IndexGRGTest
testIndexGRG(test.java.components.graph.algorithms.index.IndexGRGTest)  Time elapsed: 0 s  <<< ERROR!
org.json.JSONException: A JSONArray text must start with '[' at 1 [character 2 line 1]
	at test.java.components.graph.algorithms.index.IndexGRGTest.testIndexGRG(IndexGRGTest.java:36)

testGrgAny(test.java.components.graph.algorithms.index.IndexGRGTest)  Time elapsed: 0 s  <<< ERROR!
org.json.JSONException: A JSONArray text must start with '[' at 1 [character 2 line 1]
	at test.java.components.graph.algorithms.index.IndexGRGTest.testGrgAny(IndexGRGTest.java:58)

testGrgAnyFull(test.java.components.graph.algorithms.index.IndexGRGTest)  Time elapsed: 0 s  <<< ERROR!
org.json.JSONException: A JSONArray text must start with '[' at 1 [character 2 line 1]
	at test.java.components.graph.algorithms.index.IndexGRGTest.testGrgAnyFull(IndexGRGTest.java:94)

