-------------------------------------------------------------------------------
Test set: test.java.components.gamma.algorithms.SaltMixTest
-------------------------------------------------------------------------------
Tests run: 1, Failures: 0, Errors: 1, Skipped: 0, Time elapsed: 0 s <<< FAILURE! - in test.java.components.gamma.algorithms.SaltMixTest
testSaltMix(test.java.components.gamma.algorithms.SaltMixTest)  Time elapsed: 0 s  <<< ERROR!
org.json.JSONException: A JSONArray text must start with '[' at 1 [character 2 line 1]
	at test.java.components.gamma.algorithms.SaltMixTest.testSaltMix(SaltMixTest.java:33)

