-------------------------------------------------------------------------------
Test set: test.java.components.graph.algorithms.index.IndexSBRGTest
-------------------------------------------------------------------------------
Tests run: 6, Failures: 0, Errors: 3, Skipped: 0, Time elapsed: 0 s <<< FAILURE! - in test.java.components.graph.algorithms.index.IndexSBRGTest
testGrgAny(test.java.components.graph.algorithms.index.IndexSBRGTest)  Time elapsed: 0 s  <<< ERROR!
org.json.JSONException: A JSONArray text must start with '[' at 1 [character 2 line 1]
	at test.java.components.graph.algorithms.index.IndexSBRGTest.testGrgAny(IndexSBRGTest.java:59)

testGrgAnyFull(test.java.components.graph.algorithms.index.IndexSBRGTest)  Time elapsed: 0 s  <<< ERROR!
org.json.JSONException: A JSONArray text must start with '[' at 1 [character 2 line 1]
	at test.java.components.graph.algorithms.index.IndexSBRGTest.testGrgAnyFull(IndexSBRGTest.java:95)

testIndexing(test.java.components.graph.algorithms.index.IndexSBRGTest)  Time elapsed: 0 s  <<< ERROR!
org.json.JSONException: A JSONArray text must start with '[' at 1 [character 2 line 1]
	at test.java.components.graph.algorithms.index.IndexSBRGTest.testIndexing(IndexSBRGTest.java:37)

