-------------------------------------------------------------------------------
Test set: test.java.components.hash.algorithms.Argon2CFTest
-------------------------------------------------------------------------------
Tests run: 2, Failures: 0, Errors: 2, Skipped: 0, Time elapsed: 0 s <<< FAILURE! - in test.java.components.hash.algorithms.Argon2CFTest
testGL(test.java.components.hash.algorithms.Argon2CFTest)  Time elapsed: 0 s  <<< ERROR!
org.json.JSONException: A JSONArray text must start with '[' at 1 [character 2 line 1]
	at test.java.components.hash.algorithms.Argon2CFTest.testGL(Argon2CFTest.java:28)

testGB(test.java.components.hash.algorithms.Argon2CFTest)  Time elapsed: 0 s  <<< ERROR!
org.json.JSONException: A JSONArray text must start with '[' at 1 [character 2 line 1]
	at test.java.components.hash.algorithms.Argon2CFTest.testGB(Argon2CFTest.java:60)

