-------------------------------------------------------------------------------
Test set: test.java.CatenaTest
-------------------------------------------------------------------------------
Tests run: 24, Failures: 0, Errors: 24, Skipped: 0, Time elapsed: 0.001 s <<< FAILURE! - in test.java.CatenaTest
testFlapButterfly(test.java.CatenaTest)  Time elapsed: 0 s  <<< ERROR!
org.json.JSONException: A JSONArray text must start with '[' at 1 [character 2 line 1]
	at test.java.CatenaTest.testFlapButterfly(CatenaTest.java:803)

testFlapButterflyFull(test.java.CatenaTest)  Time elapsed: 0 s  <<< ERROR!
org.json.JSONException: A JSONArray text must start with '[' at 1 [character 2 line 1]
	at test.java.CatenaTest.testFlapButterflyFull(CatenaTest.java:830)

testFlapDragonfly(test.java.CatenaTest)  Time elapsed: 0 s  <<< ERROR!
org.json.JSONException: A JSONArray text must start with '[' at 1 [character 2 line 1]
	at test.java.CatenaTest.testFlapDragonfly(CatenaTest.java:857)

testFlapDragonflyFull(test.java.CatenaTest)  Time elapsed: 0 s  <<< ERROR!
org.json.JSONException: A JSONArray text must start with '[' at 1 [character 2 line 1]
	at test.java.CatenaTest.testFlapDragonflyFull(CatenaTest.java:886)

testTweakButterfly(test.java.CatenaTest)  Time elapsed: 0 s  <<< ERROR!
org.json.JSONException: A JSONArray text must start with '[' at 1 [character 2 line 1]
	at test.java.CatenaTest.testTweakButterfly(CatenaTest.java:913)

testTweakButterflyFull(test.java.CatenaTest)  Time elapsed: 0 s  <<< ERROR!
org.json.JSONException: A JSONArray text must start with '[' at 1 [character 2 line 1]
	at test.java.CatenaTest.testTweakButterflyFull(CatenaTest.java:939)

testTweakDragonfly(test.java.CatenaTest)  Time elapsed: 0 s  <<< ERROR!
org.json.JSONException: A JSONArray text must start with '[' at 1 [character 2 line 1]
	at test.java.CatenaTest.testTweakDragonfly(CatenaTest.java:965)

testTweakDragonflyFull(test.java.CatenaTest)  Time elapsed: 0 s  <<< ERROR!
org.json.JSONException: A JSONArray text must start with '[' at 1 [character 2 line 1]
	at test.java.CatenaTest.testTweakDragonflyFull(CatenaTest.java:991)

testHInit(test.java.CatenaTest)  Time elapsed: 0 s  <<< ERROR!
org.json.JSONException: A JSONArray text must start with '[' at 1 [character 2 line 1]
	at test.java.CatenaTest.testHInit(CatenaTest.java:1018)

testServerReliefServerButterflyReduced(test.java.CatenaTest)  Time elapsed: 0 s  <<< ERROR!
org.json.JSONException: A JSONArray text must start with '[' at 1 [character 2 line 1]
	at test.java.CatenaTest.testServerReliefServerButterflyReduced(CatenaTest.java:129)

testServerReliefServerDragonflyReduced(test.java.CatenaTest)  Time elapsed: 0 s  <<< ERROR!
org.json.JSONException: A JSONArray text must start with '[' at 1 [character 2 line 1]
	at test.java.CatenaTest.testServerReliefServerDragonflyReduced(CatenaTest.java:157)

testServerReliefClientButterflyReduced(test.java.CatenaTest)  Time elapsed: 0 s  <<< ERROR!
org.json.JSONException: A JSONArray text must start with '[' at 1 [character 2 line 1]
	at test.java.CatenaTest.testServerReliefClientButterflyReduced(CatenaTest.java:221)

testServerReliefClientDragonflyReduced(test.java.CatenaTest)  Time elapsed: 0 s  <<< ERROR!
org.json.JSONException: A JSONArray text must start with '[' at 1 [character 2 line 1]
	at test.java.CatenaTest.testServerReliefClientDragonflyReduced(CatenaTest.java:255)

testKeyedHashButterflyReduced(test.java.CatenaTest)  Time elapsed: 0 s  <<< ERROR!
org.json.JSONException: A JSONArray text must start with '[' at 1 [character 2 line 1]
	at test.java.CatenaTest.testKeyedHashButterflyReduced(CatenaTest.java:361)

testKeyedHashDragonflyReduced(test.java.CatenaTest)  Time elapsed: 0 s  <<< ERROR!
org.json.JSONException: A JSONArray text must start with '[' at 1 [character 2 line 1]
	at test.java.CatenaTest.testKeyedHashDragonflyReduced(CatenaTest.java:470)

testKeyDerivationButterflyReduced(test.java.CatenaTest)  Time elapsed: 0 s  <<< ERROR!
org.json.JSONException: A JSONArray text must start with '[' at 1 [character 2 line 1]
	at test.java.CatenaTest.testKeyDerivationButterflyReduced(CatenaTest.java:579)

testKeyDerivationDragonflyReduced(test.java.CatenaTest)  Time elapsed: 0 s  <<< ERROR!
org.json.JSONException: A JSONArray text must start with '[' at 1 [character 2 line 1]
	at test.java.CatenaTest.testKeyDerivationDragonflyReduced(CatenaTest.java:686)

testCIUpdateDragonflyReduced(test.java.CatenaTest)  Time elapsed: 0 s  <<< ERROR!
org.json.JSONException: A JSONArray text must start with '[' at 1 [character 2 line 1]
	at test.java.CatenaTest.testCIUpdateDragonflyReduced(CatenaTest.java:725)

testCIUpdateKeyedDragonflyReduced(test.java.CatenaTest)  Time elapsed: 0.001 s  <<< ERROR!
org.json.JSONException: A JSONArray text must start with '[' at 1 [character 2 line 1]
	at test.java.CatenaTest.testCIUpdateKeyedDragonflyReduced(CatenaTest.java:764)

testProofOfWorkServerPwdButterflyReduced(test.java.CatenaTest)  Time elapsed: 0 s  <<< ERROR!
org.json.JSONException: A JSONArray text must start with '[' at 1 [character 2 line 1]
	at test.java.CatenaTest.testProofOfWorkServerPwdButterflyReduced(CatenaTest.java:1100)

testProofOfWorkClientPwdButterflyReduced(test.java.CatenaTest)  Time elapsed: 0 s  <<< ERROR!
org.json.JSONException: A JSONArray text must start with '[' at 1 [character 2 line 1]
	at test.java.CatenaTest.testProofOfWorkClientPwdButterflyReduced(CatenaTest.java:1147)

testServerReliefClientButterflyReduceddifferentG(test.java.CatenaTest)  Time elapsed: 0 s  <<< ERROR!
org.json.JSONException: A JSONArray text must start with '[' at 1 [character 2 line 1]
	at test.java.CatenaTest.testServerReliefClientButterflyReduceddifferentG(CatenaTest.java:182)

testProofOfWorkServerSaltButterflyReduced(test.java.CatenaTest)  Time elapsed: 0 s  <<< ERROR!
org.json.JSONException: A JSONArray text must start with '[' at 1 [character 2 line 1]
	at test.java.CatenaTest.testProofOfWorkServerSaltButterflyReduced(CatenaTest.java:1051)

testProofOfWorkClientSaltButterflyReduced(test.java.CatenaTest)  Time elapsed: 0 s  <<< ERROR!
org.json.JSONException: A JSONArray text must start with '[' at 1 [character 2 line 1]
	at test.java.CatenaTest.testProofOfWorkClientSaltButterflyReduced(CatenaTest.java:1190)

