-------------------------------------------------------------------------------
Test set: test.java.DefaultInstancesTest
-------------------------------------------------------------------------------
Tests run: 12, Failures: 0, Errors: 12, Skipped: 0, Time elapsed: 0.01 s <<< FAILURE! - in test.java.DefaultInstancesTest
testButterflyReduced(test.java.DefaultInstancesTest)  Time elapsed: 0.007 s  <<< ERROR!
org.json.JSONException: A JSONArray text must start with '[' at 1 [character 2 line 1]
	at test.java.DefaultInstancesTest.testButterflyReduced(DefaultInstancesTest.java:500)

testButterflyFullReduced(test.java.DefaultInstancesTest)  Time elapsed: 0 s  <<< ERROR!
org.json.JSONException: A JSONArray text must start with '[' at 1 [character 2 line 1]
	at test.java.DefaultInstancesTest.testButterflyFullReduced(DefaultInstancesTest.java:531)

testDragonflyReduced(test.java.DefaultInstancesTest)  Time elapsed: 0 s  <<< ERROR!
org.json.JSONException: A JSONArray text must start with '[' at 1 [character 2 line 1]
	at test.java.DefaultInstancesTest.testDragonflyReduced(DefaultInstancesTest.java:560)

testDragonflyFullReduced(test.java.DefaultInstancesTest)  Time elapsed: 0.001 s  <<< ERROR!
org.json.JSONException: A JSONArray text must start with '[' at 1 [character 2 line 1]
	at test.java.DefaultInstancesTest.testDragonflyFullReduced(DefaultInstancesTest.java:600)

testcatenaHorseflyReduced(test.java.DefaultInstancesTest)  Time elapsed: 0 s  <<< ERROR!
org.json.JSONException: A JSONArray text must start with '[' at 1 [character 2 line 1]
	at test.java.DefaultInstancesTest.testcatenaHorseflyReduced(DefaultInstancesTest.java:87)

testcatenaLanternflyReduced(test.java.DefaultInstancesTest)  Time elapsed: 0.001 s  <<< ERROR!
org.json.JSONException: A JSONArray text must start with '[' at 1 [character 2 line 1]
	at test.java.DefaultInstancesTest.testcatenaLanternflyReduced(DefaultInstancesTest.java:123)

testcatenaMydasflyReduced(test.java.DefaultInstancesTest)  Time elapsed: 0 s  <<< ERROR!
org.json.JSONException: A JSONArray text must start with '[' at 1 [character 2 line 1]
	at test.java.DefaultInstancesTest.testcatenaMydasflyReduced(DefaultInstancesTest.java:159)

testcatenaStoneflyReduced(test.java.DefaultInstancesTest)  Time elapsed: 0 s  <<< ERROR!
org.json.JSONException: A JSONArray text must start with '[' at 1 [character 2 line 1]
	at test.java.DefaultInstancesTest.testcatenaStoneflyReduced(DefaultInstancesTest.java:195)

testcatenaHorseflyFullReduced(test.java.DefaultInstancesTest)  Time elapsed: 0.001 s  <<< ERROR!
org.json.JSONException: A JSONArray text must start with '[' at 1 [character 2 line 1]
	at test.java.DefaultInstancesTest.testcatenaHorseflyFullReduced(DefaultInstancesTest.java:231)

testcatenaLanternflyFullReduced(test.java.DefaultInstancesTest)  Time elapsed: 0 s  <<< ERROR!
org.json.JSONException: A JSONArray text must start with '[' at 1 [character 2 line 1]
	at test.java.DefaultInstancesTest.testcatenaLanternflyFullReduced(DefaultInstancesTest.java:267)

testcatenaMydasflyFullReduced(test.java.DefaultInstancesTest)  Time elapsed: 0 s  <<< ERROR!
org.json.JSONException: A JSONArray text must start with '[' at 1 [character 2 line 1]
	at test.java.DefaultInstancesTest.testcatenaMydasflyFullReduced(DefaultInstancesTest.java:303)

testcatenaStoneflyFullReduced(test.java.DefaultInstancesTest)  Time elapsed: 0 s  <<< ERROR!
org.json.JSONException: A JSONArray text must start with '[' at 1 [character 2 line 1]
	at test.java.DefaultInstancesTest.testcatenaStoneflyFullReduced(DefaultInstancesTest.java:339)

