<?xml version="1.0" encoding="UTF-8"?>
<testsuite xmlns:xsi="http://www.w3.org/2001/XMLSchema-instance" xsi:noNamespaceSchemaLocation="https://maven.apache.org/surefire/maven-surefire-plugin/xsd/surefire-test-report.xsd" name="test.java.CatenaTest" time="0.001" tests="24" errors="24" skipped="0" failures="0">
  <properties>
    <property name="java.runtime.name" value="Java(TM) SE Runtime Environment"/>
    <property name="sun.boot.library.path" value="/Library/Java/JavaVirtualMachines/jdk-1.8.jdk/Contents/Home/jre/lib"/>
    <property name="java.vm.version" value="25.401-b10"/>
    <property name="gopherProxySet" value="false"/>
    <property name="java.vm.vendor" value="Oracle Corporation"/>
    <property name="maven.multiModuleProjectDirectory" value="/Users/wang/Documents/project/configuration_code_understanding/code3/data/system/catena-java/catena"/>
    <property name="java.vendor.url" value="http://java.oracle.com/"/>
    <property name="path.separator" value=":"/>
    <property name="guice.disable.misplaced.annotation.check" value="true"/>
    <property name="java.vm.name" value="Java HotSpot(TM) 64-Bit Server VM"/>
    <property name="file.encoding.pkg" value="sun.io"/>
    <property name="user.country" value="CA"/>
    <property name="sun.java.launcher" value="SUN_STANDARD"/>
    <property name="sun.os.patch.level" value="unknown"/>
    <property name="java.vm.specification.name" value="Java Virtual Machine Specification"/>
    <property name="user.dir" value="/Users/wang/Documents/project/configuration_code_understanding/code3/data/system/catena-java/catena"/>
    <property name="java.runtime.version" value="1.8.0_401-b10"/>
    <property name="java.awt.graphicsenv" value="sun.awt.CGraphicsEnvironment"/>
    <property name="java.endorsed.dirs" value="/Library/Java/JavaVirtualMachines/jdk-1.8.jdk/Contents/Home/jre/lib/endorsed"/>
    <property name="os.arch" value="aarch64"/>
    <property name="java.io.tmpdir" value="/var/folders/md/5flpkbr5623gb412d07_qnym0000gn/T/"/>
    <property name="line.separator" value="&#10;"/>
    <property name="java.vm.specification.vendor" value="Oracle Corporation"/>
    <property name="os.name" value="Mac OS X"/>
    <property name="classworlds.conf" value="/Users/wang/Documents/software/apache-maven-3.9.6/bin/m2.conf"/>
    <property name="sun.jnu.encoding" value="UTF-8"/>
    <property name="java.library.path" value="/Users/wang/Library/Java/Extensions:/Library/Java/Extensions:/Network/Library/Java/Extensions:/System/Library/Java/Extensions:/usr/lib/java:."/>
    <property name="maven.conf" value="/Users/wang/Documents/software/apache-maven-3.9.6/conf"/>
    <property name="java.specification.name" value="Java Platform API Specification"/>
    <property name="java.class.version" value="52.0"/>
    <property name="sun.management.compiler" value="HotSpot 64-Bit Tiered Compilers"/>
    <property name="os.version" value="14.5"/>
    <property name="library.jansi.path" value="/Users/wang/Documents/software/apache-maven-3.9.6/lib/jansi-native"/>
    <property name="http.nonProxyHosts" value="local|*.local|169.254/16|*.169.254/16"/>
    <property name="user.home" value="/Users/wang"/>
    <property name="user.timezone" value="America/Toronto"/>
    <property name="java.awt.printerjob" value="sun.lwawt.macosx.CPrinterJob"/>
    <property name="java.specification.version" value="1.8"/>
    <property name="file.encoding" value="UTF-8"/>
    <property name="user.name" value="wang"/>
    <property name="java.class.path" value="/Users/wang/Documents/software/apache-maven-3.9.6/boot/plexus-classworlds-2.7.0.jar"/>
    <property name="java.vm.specification.version" value="1.8"/>
    <property name="sun.arch.data.model" value="64"/>
    <property name="java.home" value="/Library/Java/JavaVirtualMachines/jdk-1.8.jdk/Contents/Home/jre"/>
    <property name="sun.java.command" value="org.codehaus.plexus.classworlds.launcher.Launcher clean package"/>
    <property name="java.specification.vendor" value="Oracle Corporation"/>
    <property name="user.language" value="en"/>
    <property name="awt.toolkit" value="sun.lwawt.macosx.LWCToolkit"/>
    <property name="java.vm.info" value="mixed mode"/>
    <property name="java.version" value="1.8.0_401"/>
    <property name="java.ext.dirs" value="/Users/wang/Library/Java/Extensions:/Library/Java/JavaVirtualMachines/jdk-1.8.jdk/Contents/Home/jre/lib/ext:/Library/Java/Extensions:/Network/Library/Java/Extensions:/System/Library/Java/Extensions:/usr/lib/java"/>
    <property name="sun.boot.class.path" value="/Library/Java/JavaVirtualMachines/jdk-1.8.jdk/Contents/Home/jre/lib/resources.jar:/Library/Java/JavaVirtualMachines/jdk-1.8.jdk/Contents/Home/jre/lib/rt.jar:/Library/Java/JavaVirtualMachines/jdk-1.8.jdk/Contents/Home/jre/lib/jsse.jar:/Library/Java/JavaVirtualMachines/jdk-1.8.jdk/Contents/Home/jre/lib/jce.jar:/Library/Java/JavaVirtualMachines/jdk-1.8.jdk/Contents/Home/jre/lib/charsets.jar:/Library/Java/JavaVirtualMachines/jdk-1.8.jdk/Contents/Home/jre/lib/jfr.jar:/Library/Java/JavaVirtualMachines/jdk-1.8.jdk/Contents/Home/jre/classes"/>
    <property name="java.vendor" value="Oracle Corporation"/>
    <property name="java.specification.maintenance.version" value="5"/>
    <property name="maven.home" value="/Users/wang/Documents/software/apache-maven-3.9.6"/>
    <property name="file.separator" value="/"/>
    <property name="java.vendor.url.bug" value="http://bugreport.sun.com/bugreport/"/>
    <property name="sun.cpu.endian" value="little"/>
    <property name="sun.io.unicode.encoding" value="UnicodeBig"/>
    <property name="socksNonProxyHosts" value="local|*.local|169.254/16|*.169.254/16"/>
    <property name="ftp.nonProxyHosts" value="local|*.local|169.254/16|*.169.254/16"/>
    <property name="sun.cpu.isalist" value=""/>
  </properties>
  <testcase name="testFlapButterfly" classname="test.java.CatenaTest" time="0">
    <error message="A JSONArray text must start with &apos;[&apos; at 1 [character 2 line 1]" type="org.json.JSONException">org.json.JSONException: A JSONArray text must start with '[' at 1 [character 2 line 1]
	at test.java.CatenaTest.testFlapButterfly(CatenaTest.java:803)
</error>
  </testcase>
  <testcase name="testFlapButterflyFull" classname="test.java.CatenaTest" time="0">
    <error message="A JSONArray text must start with &apos;[&apos; at 1 [character 2 line 1]" type="org.json.JSONException">org.json.JSONException: A JSONArray text must start with '[' at 1 [character 2 line 1]
	at test.java.CatenaTest.testFlapButterflyFull(CatenaTest.java:830)
</error>
  </testcase>
  <testcase name="testFlapDragonfly" classname="test.java.CatenaTest" time="0">
    <error message="A JSONArray text must start with &apos;[&apos; at 1 [character 2 line 1]" type="org.json.JSONException">org.json.JSONException: A JSONArray text must start with '[' at 1 [character 2 line 1]
	at test.java.CatenaTest.testFlapDragonfly(CatenaTest.java:857)
</error>
  </testcase>
  <testcase name="testFlapDragonflyFull" classname="test.java.CatenaTest" time="0">
    <error message="A JSONArray text must start with &apos;[&apos; at 1 [character 2 line 1]" type="org.json.JSONException">org.json.JSONException: A JSONArray text must start with '[' at 1 [character 2 line 1]
	at test.java.CatenaTest.testFlapDragonflyFull(CatenaTest.java:886)
</error>
  </testcase>
  <testcase name="testTweakButterfly" classname="test.java.CatenaTest" time="0">
    <error message="A JSONArray text must start with &apos;[&apos; at 1 [character 2 line 1]" type="org.json.JSONException">org.json.JSONException: A JSONArray text must start with '[' at 1 [character 2 line 1]
	at test.java.CatenaTest.testTweakButterfly(CatenaTest.java:913)
</error>
  </testcase>
  <testcase name="testTweakButterflyFull" classname="test.java.CatenaTest" time="0">
    <error message="A JSONArray text must start with &apos;[&apos; at 1 [character 2 line 1]" type="org.json.JSONException">org.json.JSONException: A JSONArray text must start with '[' at 1 [character 2 line 1]
	at test.java.CatenaTest.testTweakButterflyFull(CatenaTest.java:939)
</error>
  </testcase>
  <testcase name="testTweakDragonfly" classname="test.java.CatenaTest" time="0">
    <error message="A JSONArray text must start with &apos;[&apos; at 1 [character 2 line 1]" type="org.json.JSONException">org.json.JSONException: A JSONArray text must start with '[' at 1 [character 2 line 1]
	at test.java.CatenaTest.testTweakDragonfly(CatenaTest.java:965)
</error>
  </testcase>
  <testcase name="testTweakDragonflyFull" classname="test.java.CatenaTest" time="0">
    <error message="A JSONArray text must start with &apos;[&apos; at 1 [character 2 line 1]" type="org.json.JSONException">org.json.JSONException: A JSONArray text must start with '[' at 1 [character 2 line 1]
	at test.java.CatenaTest.testTweakDragonflyFull(CatenaTest.java:991)
</error>
  </testcase>
  <testcase name="testHInit" classname="test.java.CatenaTest" time="0">
    <error message="A JSONArray text must start with &apos;[&apos; at 1 [character 2 line 1]" type="org.json.JSONException">org.json.JSONException: A JSONArray text must start with '[' at 1 [character 2 line 1]
	at test.java.CatenaTest.testHInit(CatenaTest.java:1018)
</error>
  </testcase>
  <testcase name="testServerReliefServerButterflyReduced" classname="test.java.CatenaTest" time="0">
    <error message="A JSONArray text must start with &apos;[&apos; at 1 [character 2 line 1]" type="org.json.JSONException">org.json.JSONException: A JSONArray text must start with '[' at 1 [character 2 line 1]
	at test.java.CatenaTest.testServerReliefServerButterflyReduced(CatenaTest.java:129)
</error>
  </testcase>
  <testcase name="testServerReliefServerDragonflyReduced" classname="test.java.CatenaTest" time="0">
    <error message="A JSONArray text must start with &apos;[&apos; at 1 [character 2 line 1]" type="org.json.JSONException">org.json.JSONException: A JSONArray text must start with '[' at 1 [character 2 line 1]
	at test.java.CatenaTest.testServerReliefServerDragonflyReduced(CatenaTest.java:157)
</error>
  </testcase>
  <testcase name="testServerReliefClientButterflyReduced" classname="test.java.CatenaTest" time="0">
    <error message="A JSONArray text must start with &apos;[&apos; at 1 [character 2 line 1]" type="org.json.JSONException">org.json.JSONException: A JSONArray text must start with '[' at 1 [character 2 line 1]
	at test.java.CatenaTest.testServerReliefClientButterflyReduced(CatenaTest.java:221)
</error>
  </testcase>
  <testcase name="testServerReliefClientDragonflyReduced" classname="test.java.CatenaTest" time="0">
    <error message="A JSONArray text must start with &apos;[&apos; at 1 [character 2 line 1]" type="org.json.JSONException">org.json.JSONException: A JSONArray text must start with '[' at 1 [character 2 line 1]
	at test.java.CatenaTest.testServerReliefClientDragonflyReduced(CatenaTest.java:255)
</error>
  </testcase>
  <testcase name="testKeyedHashButterflyReduced" classname="test.java.CatenaTest" time="0">
    <error message="A JSONArray text must start with &apos;[&apos; at 1 [character 2 line 1]" type="org.json.JSONException">org.json.JSONException: A JSONArray text must start with '[' at 1 [character 2 line 1]
	at test.java.CatenaTest.testKeyedHashButterflyReduced(CatenaTest.java:361)
</error>
  </testcase>
  <testcase name="testKeyedHashDragonflyReduced" classname="test.java.CatenaTest" time="0">
    <error message="A JSONArray text must start with &apos;[&apos; at 1 [character 2 line 1]" type="org.json.JSONException">org.json.JSONException: A JSONArray text must start with '[' at 1 [character 2 line 1]
	at test.java.CatenaTest.testKeyedHashDragonflyReduced(CatenaTest.java:470)
</error>
  </testcase>
  <testcase name="testKeyDerivationButterflyReduced" classname="test.java.CatenaTest" time="0">
    <error message="A JSONArray text must start with &apos;[&apos; at 1 [character 2 line 1]" type="org.json.JSONException">org.json.JSONException: A JSONArray text must start with '[' at 1 [character 2 line 1]
	at test.java.CatenaTest.testKeyDerivationButterflyReduced(CatenaTest.java:579)
</error>
  </testcase>
  <testcase name="testKeyDerivationDragonflyReduced" classname="test.java.CatenaTest" time="0">
    <error message="A JSONArray text must start with &apos;[&apos; at 1 [character 2 line 1]" type="org.json.JSONException">org.json.JSONException: A JSONArray text must start with '[' at 1 [character 2 line 1]
	at test.java.CatenaTest.testKeyDerivationDragonflyReduced(CatenaTest.java:686)
</error>
  </testcase>
  <testcase name="testCIUpdateDragonflyReduced" classname="test.java.CatenaTest" time="0">
    <error message="A JSONArray text must start with &apos;[&apos; at 1 [character 2 line 1]" type="org.json.JSONException">org.json.JSONException: A JSONArray text must start with '[' at 1 [character 2 line 1]
	at test.java.CatenaTest.testCIUpdateDragonflyReduced(CatenaTest.java:725)
</error>
  </testcase>
  <testcase name="testCIUpdateKeyedDragonflyReduced" classname="test.java.CatenaTest" time="0.001">
    <error message="A JSONArray text must start with &apos;[&apos; at 1 [character 2 line 1]" type="org.json.JSONException">org.json.JSONException: A JSONArray text must start with '[' at 1 [character 2 line 1]
	at test.java.CatenaTest.testCIUpdateKeyedDragonflyReduced(CatenaTest.java:764)
</error>
  </testcase>
  <testcase name="testProofOfWorkServerPwdButterflyReduced" classname="test.java.CatenaTest" time="0">
    <error message="A JSONArray text must start with &apos;[&apos; at 1 [character 2 line 1]" type="org.json.JSONException">org.json.JSONException: A JSONArray text must start with '[' at 1 [character 2 line 1]
	at test.java.CatenaTest.testProofOfWorkServerPwdButterflyReduced(CatenaTest.java:1100)
</error>
  </testcase>
  <testcase name="testProofOfWorkClientPwdButterflyReduced" classname="test.java.CatenaTest" time="0">
    <error message="A JSONArray text must start with &apos;[&apos; at 1 [character 2 line 1]" type="org.json.JSONException">org.json.JSONException: A JSONArray text must start with '[' at 1 [character 2 line 1]
	at test.java.CatenaTest.testProofOfWorkClientPwdButterflyReduced(CatenaTest.java:1147)
</error>
  </testcase>
  <testcase name="testServerReliefClientButterflyReduceddifferentG" classname="test.java.CatenaTest" time="0">
    <error message="A JSONArray text must start with &apos;[&apos; at 1 [character 2 line 1]" type="org.json.JSONException">org.json.JSONException: A JSONArray text must start with '[' at 1 [character 2 line 1]
	at test.java.CatenaTest.testServerReliefClientButterflyReduceddifferentG(CatenaTest.java:182)
</error>
  </testcase>
  <testcase name="testProofOfWorkServerSaltButterflyReduced" classname="test.java.CatenaTest" time="0">
    <error message="A JSONArray text must start with &apos;[&apos; at 1 [character 2 line 1]" type="org.json.JSONException">org.json.JSONException: A JSONArray text must start with '[' at 1 [character 2 line 1]
	at test.java.CatenaTest.testProofOfWorkServerSaltButterflyReduced(CatenaTest.java:1051)
</error>
  </testcase>
  <testcase name="testProofOfWorkClientSaltButterflyReduced" classname="test.java.CatenaTest" time="0">
    <error message="A JSONArray text must start with &apos;[&apos; at 1 [character 2 line 1]" type="org.json.JSONException">org.json.JSONException: A JSONArray text must start with '[' at 1 [character 2 line 1]
	at test.java.CatenaTest.testProofOfWorkClientSaltButterflyReduced(CatenaTest.java:1190)
</error>
  </testcase>
</testsuite>