-------------------------------------------------------------------------------
Test set: test.java.components.hash.algorithms.Blake2b_1Test
-------------------------------------------------------------------------------
Tests run: 1, Failures: 0, Errors: 1, Skipped: 0, Time elapsed: 0 s <<< FAILURE! - in test.java.components.hash.algorithms.Blake2b_1Test
testAllVectors(test.java.components.hash.algorithms.Blake2b_1Test)  Time elapsed: 0 s  <<< ERROR!
org.json.JSONException: A JSONArray text must start with '[' at 1 [character 2 line 1]
	at test.java.components.hash.algorithms.Blake2b_1Test.jsonParser(Blake2b_1Test.java:74)
	at test.java.components.hash.algorithms.Blake2b_1Test.testAllVectors(Blake2b_1Test.java:35)

