-------------------------------------------------------------------------------
Test set: test.java.components.phi.algorithms.index.LSBIndexTest
-------------------------------------------------------------------------------
Tests run: 1, Failures: 0, Errors: 1, Skipped: 0, Time elapsed: 0.001 s <<< FAILURE! - in test.java.components.phi.algorithms.index.LSBIndexTest
test(test.java.components.phi.algorithms.index.LSBIndexTest)  Time elapsed: 0.001 s  <<< ERROR!
org.json.JSONException: A JSONArray text must start with '[' at 1 [character 2 line 1]
	at test.java.components.phi.algorithms.index.LSBIndexTest.test(LSBIndexTest.java:27)

