<?xml version="1.0" encoding="UTF-8"?>
<testsuite xmlns:xsi="http://www.w3.org/2001/XMLSchema-instance" xsi:noNamespaceSchemaLocation="https://maven.apache.org/surefire/maven-surefire-plugin/xsd/surefire-test-report.xsd" name="test.java.components.graph.algorithms.index.IndexSBRGTest" time="0" tests="6" errors="3" skipped="0" failures="0">
  <properties>
[...]
</properties>
  <testcase name="testGrgAny" classname="test.java.components.graph.algorithms.index.IndexSBRGTest" time="0">
    <error message="A JSONArray text must start with &apos;[&apos; at 1 [character 2 line 1]" type="org.json.JSONException">org.json.JSONException: A JSONArray text must start with '[' at 1 [character 2 line 1]
	at test.java.components.graph.algorithms.index.IndexSBRGTest.testGrgAny(IndexSBRGTest.java:59)
</error>
  </testcase>
  <testcase name="testGrgAnyFull" classname="test.java.components.graph.algorithms.index.IndexSBRGTest" time="0">
    <error message="A JSONArray text must start with &apos;[&apos; at 1 [character 2 line 1]" type="org.json.JSONException">org.json.JSONException: A JSONArray text must start with '[' at 1 [character 2 line 1]
	at test.java.components.graph.algorithms.index.IndexSBRGTest.testGrgAnyFull(IndexSBRGTest.java:95)
</error>
  </testcase>
  <testcase name="testIndexing" classname="test.java.components.graph.algorithms.index.IndexSBRGTest" time="0">
    <error message="A JSONArray text must start with &apos;[&apos; at 1 [character 2 line 1]" type="org.json.JSONException">org.json.JSONException: A JSONArray text must start with '[' at 1 [character 2 line 1]
	at test.java.components.graph.algorithms.index.IndexSBRGTest.testIndexing(IndexSBRGTest.java:37)
</error>
  </testcase>
  <testcase name="testIndexSBRG0" classname="test.java.components.graph.algorithms.index.IndexSBRGTest" time="0"/>
  <testcase name="testIndexSBRG1" classname="test.java.components.graph.algorithms.index.IndexSBRGTest" time="0"/>
  <testcase name="testIndexSBRG2" classname="test.java.components.graph.algorithms.index.IndexSBRGTest" time="0"/>
</testsuite>