<?xml version="1.0" encoding="UTF-8"?>
<testsuite xmlns:xsi="http://www.w3.org/2001/XMLSchema-instance" xsi:noNamespaceSchemaLocation="https://maven.apache.org/surefire/maven-surefire-plugin/xsd/surefire-test-report.xsd" name="test.java.CatenaTest" time="0.001" tests="24" errors="24" skipped="0" failures="0">
  <properties>
[...]
</properties>
  <testcase name="testFlapButterfly" classname="test.java.CatenaTest" time="0">
    <error message="A JSONArray text must start with &apos;[&apos; at 1 [character 2 line 1]" type="org.json.JSONException">org.json.JSONException: A JSONArray text must start with '[' at 1 [character 2 line 1]
	at test.java.CatenaTest.testFlapButterfly(CatenaTest.java:803)
</error>
  </testcase>
  <testcase name="testFlapButterflyFull" classname="test.java.CatenaTest" time="0">
    <error message="A JSONArray text must start with &apos;[&apos; at 1 [character 2 line 1]" type="org.json.JSONException">org.json.JSONException: A JSONArray text must start with '[' at 1 [character 2 line 1]
	at test.java.CatenaTest.testFlapButterflyFull(CatenaTest.java:830)
</error>
  </testcase>
  <testcase name="testFlapDragonfly" classname="test.java.CatenaTest" time="0">
    <error message="A JSONArray text must start with &apos;[&apos; at 1 [character 2 line 1]" type="org.json.JSONException">org.json.JSONException: A JSONArray text must start with '[' at 1 [character 2 line 1]
	at test.java.CatenaTest.testFlapDragonfly(CatenaTest.java:857)
</error>
  </testcase>
  <testcase name="testFlapDragonflyFull" classname="test.java.CatenaTest" time="0">
    <error message="A JSONArray text must start with &apos;[&apos; at 1 [character 2 line 1]" type="org.json.JSONException">org.json.JSONException: A JSONArray text must start with '[' at 1 [character 2 line 1]
	at test.java.CatenaTest.testFlapDragonflyFull(CatenaTest.java:886)
</error>
  </testcase>
  <testcase name="testTweakButterfly" classname="test.java.CatenaTest" time="0">
    <error message="A JSONArray text must start with &apos;[&apos; at 1 [character 2 line 1]" type="org.json.JSONException">org.json.JSONException: A JSONArray text must start with '[' at 1 [character 2 line 1]
	at test.java.CatenaTest.testTweakButterfly(CatenaTest.java:913)
</error>
  </testcase>
  <testcase name="testTweakButterflyFull" classname="test.java.CatenaTest" time="0">
    <error message="A JSONArray text must start with &apos;[&apos; at 1 [character 2 line 1]" type="org.json.JSONException">org.json.JSONException: A JSONArray text must start with '[' at 1 [character 2 line 1]
	at test.java.CatenaTest.testTweakButterflyFull(CatenaTest.java:939)
</error>
  </testcase>
  <testcase name="testTweakDragonfly" classname="test.java.CatenaTest" time="0">
    <error message="A JSONArray text must start with &apos;[&apos; at 1 [character 2 line 1]" type="org.json.JSONException">org.json.JSONException: A JSONArray text must start with '[' at 1 [character 2 line 1]
	at test.java.CatenaTest.testTweakDragonfly(CatenaTest.java:965)
</error>
  </testcase>
  <testcase name="testTweakDragonflyFull" classname="test.java.CatenaTest" time="0">
    <error message="A JSONArray text must start with &apos;[&apos; at 1 [character 2 line 1]" type="org.json.JSONException">org.json.JSONException: A JSONArray text must start with '[' at 1 [character 2 line 1]
	at test.java.CatenaTest.testTweakDragonflyFull(CatenaTest.java:991)
</error>
  </testcase>
  <testcase name="testHInit" classname="test.java.CatenaTest" time="0">
    <error message="A JSONArray text must start with &apos;[&apos; at 1 [character 2 line 1]" type="org.json.JSONException">org.json.JSONException: A JSONArray text must start with '[' at 1 [character 2 line 1]
	at test.java.CatenaTest.testHInit(CatenaTest.java:1018)
</error>
  </testcase>
  <testcase name="testServerReliefServerButterflyReduced" classname="test.java.CatenaTest" time="0">
    <error message="A JSONArray text must start with &apos;[&apos; at 1 [character 2 line 1]" type="org.json.JSONException">org.json.JSONException: A JSONArray text must start with '[' at 1 [character 2 line 1]
	at test.java.CatenaTest.testServerReliefServerButterflyReduced(CatenaTest.java:129)
</error>
  </testcase>
  <testcase name="testServerReliefServerDragonflyReduced" classname="test.java.CatenaTest" time="0">
    <error message="A JSONArray text must start with &apos;[&apos; at 1 [character 2 line 1]" type="org.json.JSONException">org.json.JSONException: A JSONArray text must start with '[' at 1 [character 2 line 1]
	at test.java.CatenaTest.testServerReliefServerDragonflyReduced(CatenaTest.java:157)
</error>
  </testcase>
  <testcase name="testServerReliefClientButterflyReduced" classname="test.java.CatenaTest" time="0">
    <error message="A JSONArray text must start with &apos;[&apos; at 1 [character 2 line 1]" type="org.json.JSONException">org.json.JSONException: A JSONArray text must start with '[' at 1 [character 2 line 1]
	at test.java.CatenaTest.testServerReliefClientButterflyReduced(CatenaTest.java:221)
</error>
  </testcase>
  <testcase name="testServerReliefClientDragonflyReduced" classname="test.java.CatenaTest" time="0">
    <error message="A JSONArray text must start with &apos;[&apos; at 1 [character 2 line 1]" type="org.json.JSONException">org.json.JSONException: A JSONArray text must start with '[' at 1 [character 2 line 1]
	at test.java.CatenaTest.testServerReliefClientDragonflyReduced(CatenaTest.java:255)
</error>
  </testcase>
  <testcase name="testKeyedHashButterflyReduced" classname="test.java.CatenaTest" time="0">
    <error message="A JSONArray text must start with &apos;[&apos; at 1 [character 2 line 1]" type="org.json.JSONException">org.json.JSONException: A JSONArray text must start with '[' at 1 [character 2 line 1]
	at test.java.CatenaTest.testKeyedHashButterflyReduced(CatenaTest.java:361)
</error>
  </testcase>
  <testcase name="testKeyedHashDragonflyReduced" classname="test.java.CatenaTest" time="0">
    <error message="A JSONArray text must start with &apos;[&apos; at 1 [character 2 line 1]" type="org.json.JSONException">org.json.JSONException: A JSONArray text must start with '[' at 1 [character 2 line 1]
	at test.java.CatenaTest.testKeyedHashDragonflyReduced(CatenaTest.java:470)
</error>
  </testcase>
  <testcase name="testKeyDerivationButterflyReduced" classname="test.java.CatenaTest" time="0">
    <error message="A JSONArray text must start with &apos;[&apos; at 1 [character 2 line 1]" type="org.json.JSONException">org.json.JSONException: A JSONArray text must start with '[' at 1 [character 2 line 1]
	at test.java.CatenaTest.testKeyDerivationButterflyReduced(CatenaTest.java:579)
</error>
  </testcase>
  <testcase name="testKeyDerivationDragonflyReduced" classname="test.java.CatenaTest" time="0">
    <error message="A JSONArray text must start with &apos;[&apos; at 1 [character 2 line 1]" type="org.json.JSONException">org.json.JSONException: A JSONArray text must start with '[' at 1 [character 2 line 1]
	at test.java.CatenaTest.testKeyDerivationDragonflyReduced(CatenaTest.java:686)
</error>
  </testcase>
  <testcase name="testCIUpdateDragonflyReduced" classname="test.java.CatenaTest" time="0">
    <error message="A JSONArray text must start with &apos;[&apos; at 1 [character 2 line 1]" type="org.json.JSONException">org.json.JSONException: A JSONArray text must start with '[' at 1 [character 2 line 1]
	at test.java.CatenaTest.testCIUpdateDragonflyReduced(CatenaTest.java:725)
</error>
  </testcase>
  <testcase name="testCIUpdateKeyedDragonflyReduced" classname="test.java.CatenaTest" time="0.001">
    <error message="A JSONArray text must start with &apos;[&apos; at 1 [character 2 line 1]" type="org.json.JSONException">org.json.JSONException: A JSONArray text must start with '[' at 1 [character 2 line 1]
	at test.java.CatenaTest.testCIUpdateKeyedDragonflyReduced(CatenaTest.java:764)
</error>
  </testcase>
  <testcase name="testProofOfWorkServerPwdButterflyReduced" classname="test.java.CatenaTest" time="0">
    <error message="A JSONArray text must start with &apos;[&apos; at 1 [character 2 line 1]" type="org.json.JSONException">org.json.JSONException: A JSONArray text must start with '[' at 1 [character 2 line 1]
	at test.java.CatenaTest.testProofOfWorkServerPwdButterflyReduced(CatenaTest.java:1100)
</error>
  </testcase>
  <testcase name="testProofOfWorkClientPwdButterflyReduced" classname="test.java.CatenaTest" time="0">
    <error message="A JSONArray text must start with &apos;[&apos; at 1 [character 2 line 1]" type="org.json.JSONException">org.json.JSONException: A JSONArray text must start with '[' at 1 [character 2 line 1]
	at test.java.CatenaTest.testProofOfWorkClientPwdButterflyReduced(CatenaTest.java:1147)
</error>
  </testcase>
  <testcase name="testServerReliefClientButterflyReduceddifferentG" classname="test.java.CatenaTest" time="0">
    <error message="A JSONArray text must start with &apos;[&apos; at 1 [character 2 line 1]" type="org.json.JSONException">org.json.JSONException: A JSONArray text must start with '[' at 1 [character 2 line 1]
	at test.java.CatenaTest.testServerReliefClientButterflyReduceddifferentG(CatenaTest.java:182)
</error>
  </testcase>
  <testcase name="testProofOfWorkServerSaltButterflyReduced" classname="test.java.CatenaTest" time="0">
    <error message="A JSONArray text must start with &apos;[&apos; at 1 [character 2 line 1]" type="org.json.JSONException">org.json.JSONException: A JSONArray text must start with '[' at 1 [character 2 line 1]
	at test.java.CatenaTest.testProofOfWorkServerSaltButterflyReduced(CatenaTest.java:1051)
</error>
  </testcase>
  <testcase name="testProofOfWorkClientSaltButterflyReduced" classname="test.java.CatenaTest" time="0">
    <error message="A JSONArray text must start with &apos;[&apos; at 1 [character 2 line 1]" type="org.json.JSONException">org.json.JSONException: A JSONArray text must start with '[' at 1 [character 2 line 1]
	at test.java.CatenaTest.testProofOfWorkClientSaltButterflyReduced(CatenaTest.java:1190)
</error>
  </testcase>
</testsuite>